[2025-05-22 02:30:36] [INFO] Starting telemetry collection...
[2025-05-22 02:30:36] [INFO] Collecting system information...
[2025-05-22 02:31:21] [INFO] System information collected successfully.
[2025-05-22 02:31:21] [INFO] Collecting network information...
[2025-05-22 02:31:23] [INFO] Network information collected successfully.
[2025-05-22 02:31:23] [INFO] Collecting printer information...
[2025-05-22 02:31:24] [INFO] Printer information collected successfully.
[2025-05-22 02:31:24] [INFO] Collecting path information...
[2025-05-22 02:31:24] [INFO] Path information collected successfully.
[2025-05-22 02:31:24] [INFO] Generating HTML report...
[2025-05-22 02:31:24] [ERROR] Error during telemetry collection: Cannot find an overload for "TelemetryReport" and the argument count: "6".
[2025-05-22 02:39:38] [INFO] Starting telemetry collection...
[2025-05-22 02:39:38] [INFO] Collecting system information...
[2025-05-22 02:40:18] [INFO] System information collected successfully.
[2025-05-22 02:40:18] [INFO] Collecting network information...
[2025-05-22 02:40:20] [INFO] Network information collected successfully.
[2025-05-22 02:40:20] [INFO] Collecting printer information...
[2025-05-22 02:40:20] [INFO] Printer information collected successfully.
[2025-05-22 02:40:20] [INFO] Collecting path information...
[2025-05-22 02:40:20] [INFO] Path information collected successfully.
[2025-05-22 02:40:20] [INFO] Generating HTML report...
[2025-05-22 02:40:20] [ERROR] Error during telemetry collection: Method invocation failed because [TelemetryReport] does not contain a method named 'GenerateSystemInfoSection'.
[2025-05-22 02:44:25] [INFO] Starting telemetry collection...
[2025-05-22 02:44:25] [INFO] Collecting system information...
[2025-05-22 02:44:58] [INFO] System information collected successfully.
[2025-05-22 02:44:58] [INFO] Collecting network information...
[2025-05-22 02:44:59] [INFO] Network information collected successfully.
[2025-05-22 02:44:59] [INFO] Collecting printer information...
[2025-05-22 02:44:59] [INFO] Printer information collected successfully.
[2025-05-22 02:44:59] [INFO] Collecting path information...
[2025-05-22 02:44:59] [INFO] Path information collected successfully.
[2025-05-22 02:44:59] [INFO] Generating HTML report...
[2025-05-22 02:44:59] [ERROR] Error during telemetry collection: Cannot find type [TelemetryReport]: verify that the assembly containing this type is loaded.
[2025-05-22 11:27:39] [INFO] Starting telemetry collection...
[2025-05-22 11:27:39] [INFO] Collecting system information...
[2025-05-22 11:28:19] [INFO] System information collected successfully.
[2025-05-22 11:28:19] [INFO] Collecting network information...
[2025-05-22 11:28:21] [INFO] Network information collected successfully.
[2025-05-22 11:28:21] [INFO] Collecting printer information...
[2025-05-22 11:28:21] [INFO] Printer information collected successfully.
[2025-05-22 11:28:21] [INFO] Collecting path information...
[2025-05-22 11:28:21] [INFO] Path information collected successfully.
[2025-05-22 11:28:21] [INFO] Generating HTML report...
[2025-05-22 11:28:21] [ERROR] Error during telemetry collection: Cannot find type [TelemetryReport]: verify that the assembly containing this type is loaded.
[2025-05-22 11:32:28] [INFO] Starting telemetry collection...
[2025-05-22 11:32:28] [INFO] Collecting system information...
[2025-05-22 11:32:59] [INFO] System information collected successfully.
[2025-05-22 11:32:59] [INFO] Collecting network information...
[2025-05-22 11:33:00] [INFO] Network information collected successfully.
[2025-05-22 11:33:00] [INFO] Collecting printer information...
[2025-05-22 11:33:00] [INFO] Printer information collected successfully.
[2025-05-22 11:33:00] [INFO] Collecting path information...
[2025-05-22 11:33:00] [INFO] Path information collected successfully.
[2025-05-22 11:33:00] [INFO] Generating HTML report...
[2025-05-22 11:33:00] [INFO] HTML report generated successfully.
[2025-05-22 11:33:00] [INFO] Configuration saved successfully.
[2025-05-22 11:33:00] [INFO] Telemetry collection completed successfully.
[2025-05-22 11:45:37] [INFO] Starting telemetry collection...
[2025-05-22 11:45:37] [INFO] Collecting system information...
[2025-05-22 11:46:15] [INFO] System information collected successfully.
[2025-05-22 11:46:15] [INFO] Collecting network information...
[2025-05-22 11:46:17] [INFO] Network information collected successfully.
[2025-05-22 11:46:17] [INFO] Collecting printer information...
[2025-05-22 11:46:18] [INFO] Printer information collected successfully.
[2025-05-22 11:46:18] [INFO] Collecting path information...
[2025-05-22 11:46:18] [INFO] Path information collected successfully.
[2025-05-22 11:46:18] [INFO] Generating HTML report...
[2025-05-22 11:46:18] [INFO] HTML report generated successfully.
[2025-05-22 11:46:18] [INFO] Configuration saved successfully.
[2025-05-22 11:46:18] [INFO] Telemetry collection completed successfully.
[2025-05-22 11:49:47] [INFO] Starting telemetry collection...
[2025-05-22 11:49:47] [INFO] Collecting system information...
[2025-05-22 11:50:19] [INFO] System information collected successfully.
[2025-05-22 11:50:19] [INFO] Collecting network information...
[2025-05-22 11:50:21] [INFO] Network information collected successfully.
[2025-05-22 11:50:21] [INFO] Collecting printer information...
[2025-05-22 11:50:22] [INFO] Printer information collected successfully.
[2025-05-22 11:50:22] [INFO] Collecting path information...
[2025-05-22 11:50:22] [INFO] Path information collected successfully.
[2025-05-22 11:50:22] [INFO] Generating HTML report...
[2025-05-22 11:50:22] [INFO] HTML report generated successfully.
[2025-05-22 11:50:22] [INFO] Configuration saved successfully.
[2025-05-22 11:50:22] [INFO] Telemetry collection completed successfully.
[2025-05-22 11:53:37] [INFO] Starting telemetry collection...
[2025-05-22 11:53:37] [INFO] Collecting system information...
[2025-05-22 11:54:08] [INFO] System information collected successfully.
[2025-05-22 11:54:08] [INFO] Collecting network information...
[2025-05-22 11:54:10] [INFO] Network information collected successfully.
[2025-05-22 11:54:10] [INFO] Collecting printer information...
[2025-05-22 11:54:10] [INFO] Printer information collected successfully.
[2025-05-22 11:54:10] [INFO] Collecting path information...
[2025-05-22 11:54:10] [INFO] Path information collected successfully.
[2025-05-22 11:54:10] [INFO] Generating HTML report...
[2025-05-22 11:54:10] [INFO] HTML report generated successfully.
[2025-05-22 11:54:10] [INFO] Configuration saved successfully.
[2025-05-22 11:54:10] [INFO] Telemetry collection completed successfully.
[2025-05-22 11:56:21] [INFO] Starting telemetry collection...
[2025-05-22 11:56:21] [INFO] Collecting system information...
[2025-05-22 11:56:54] [INFO] System information collected successfully.
[2025-05-22 11:56:54] [INFO] Collecting network information...
[2025-05-22 11:56:57] [INFO] Network information collected successfully.
[2025-05-22 11:56:57] [INFO] Collecting printer information...
[2025-05-22 11:56:57] [INFO] Printer information collected successfully.
[2025-05-22 11:56:57] [INFO] Collecting path information...
[2025-05-22 11:56:57] [INFO] Path information collected successfully.
[2025-05-22 11:56:57] [INFO] Generating HTML report...
[2025-05-22 11:56:57] [INFO] HTML report generated successfully.
[2025-05-22 11:56:57] [INFO] Configuration saved successfully.
[2025-05-22 11:56:57] [INFO] Telemetry collection completed successfully.
[2025-05-22 12:01:53] [INFO] Starting telemetry collection...
[2025-05-22 12:01:53] [INFO] Collecting system information...
[2025-05-22 12:02:24] [INFO] System information collected successfully.
[2025-05-22 12:02:24] [INFO] Collecting network information...
[2025-05-22 12:02:26] [INFO] Network information collected successfully.
[2025-05-22 12:02:26] [INFO] Collecting printer information...
[2025-05-22 12:02:26] [INFO] Printer information collected successfully.
[2025-05-22 12:02:26] [INFO] Collecting path information...
[2025-05-22 12:02:26] [INFO] Path information collected successfully.
[2025-05-22 12:02:26] [INFO] Generating HTML report...
[2025-05-22 12:02:26] [INFO] HTML report generated successfully.
[2025-05-22 12:02:26] [INFO] Configuration saved successfully.
[2025-05-22 12:02:26] [INFO] Telemetry collection completed successfully.
[2025-05-22 12:04:53] [INFO] Starting telemetry collection...
[2025-05-22 12:04:53] [INFO] Collecting system information...
[2025-05-22 12:05:25] [INFO] System information collected successfully.
[2025-05-22 12:05:25] [INFO] Collecting network information...
[2025-05-22 12:05:28] [INFO] Network information collected successfully.
[2025-05-22 12:05:28] [INFO] Collecting printer information...
[2025-05-22 12:05:29] [INFO] Printer information collected successfully.
[2025-05-22 12:05:29] [INFO] Collecting path information...
[2025-05-22 12:05:29] [INFO] Path information collected successfully.
[2025-05-22 12:05:29] [INFO] Generating HTML report...
[2025-05-22 12:05:29] [INFO] HTML report generated successfully.
[2025-05-22 12:05:29] [INFO] Configuration saved successfully.
[2025-05-22 12:05:29] [INFO] Telemetry collection completed successfully.
[2025-05-22 12:07:55] [INFO] Starting telemetry collection...
[2025-05-22 12:07:55] [INFO] Collecting system information...
[2025-05-22 12:08:27] [INFO] System information collected successfully.
[2025-05-22 12:08:27] [INFO] Collecting network information...
[2025-05-22 12:08:28] [INFO] Network information collected successfully.
[2025-05-22 12:08:28] [INFO] Collecting printer information...
[2025-05-22 12:08:28] [INFO] Printer information collected successfully.
[2025-05-22 12:08:28] [INFO] Collecting path information...
[2025-05-22 12:08:28] [INFO] Path information collected successfully.
[2025-05-22 12:08:28] [INFO] Generating HTML report...
[2025-05-22 12:08:28] [INFO] HTML report generated successfully.
[2025-05-22 12:08:28] [INFO] Configuration saved successfully.
[2025-05-22 12:08:28] [INFO] Telemetry collection completed successfully.
[2025-05-22 12:11:03] [INFO] Starting telemetry collection...
[2025-05-22 12:11:03] [INFO] Collecting system information...
[2025-05-22 12:11:34] [INFO] System information collected successfully.
[2025-05-22 12:11:34] [INFO] Collecting network information...
[2025-05-22 12:11:35] [INFO] Network information collected successfully.
[2025-05-22 12:11:35] [INFO] Collecting printer information...
[2025-05-22 12:11:36] [INFO] Printer information collected successfully.
[2025-05-22 12:11:36] [INFO] Collecting path information...
[2025-05-22 12:11:36] [INFO] Path information collected successfully.
[2025-05-22 12:11:36] [INFO] Generating HTML report...
[2025-05-22 12:11:36] [ERROR] Error during telemetry collection: Cannot find type [TelemetryReport]: verify that the assembly containing this type is loaded.
[2025-05-22 12:12:55] [INFO] Starting telemetry collection...
[2025-05-22 12:12:55] [INFO] Collecting system information...
[2025-05-22 12:13:27] [INFO] System information collected successfully.
[2025-05-22 12:13:27] [INFO] Collecting network information...
[2025-05-22 12:13:29] [INFO] Network information collected successfully.
[2025-05-22 12:13:29] [INFO] Collecting printer information...
[2025-05-22 12:13:30] [INFO] Printer information collected successfully.
[2025-05-22 12:13:30] [INFO] Collecting path information...
[2025-05-22 12:13:30] [INFO] Path information collected successfully.
[2025-05-22 12:13:30] [INFO] Generating HTML report...
[2025-05-22 12:13:30] [ERROR] Error during telemetry collection: Cannot find type [TelemetryReport]: verify that the assembly containing this type is loaded.
[2025-05-22 12:15:34] [INFO] Starting telemetry collection...
[2025-05-22 12:15:34] [INFO] Collecting system information...
[2025-05-22 12:16:06] [INFO] System information collected successfully.
[2025-05-22 12:16:06] [INFO] Collecting network information...
[2025-05-22 12:16:08] [INFO] Network information collected successfully.
[2025-05-22 12:16:08] [INFO] Collecting printer information...
[2025-05-22 12:16:08] [INFO] Printer information collected successfully.
[2025-05-22 12:16:08] [INFO] Collecting path information...
[2025-05-22 12:16:08] [INFO] Path information collected successfully.
[2025-05-22 12:16:08] [INFO] Generating HTML report...
[2025-05-22 12:16:08] [ERROR] Error during telemetry collection: Cannot find type [TelemetryReport]: verify that the assembly containing this type is loaded.
[2025-05-22 12:17:39] [INFO] Starting telemetry collection...
[2025-05-22 12:17:39] [INFO] Collecting system information...
[2025-05-22 12:18:10] [INFO] System information collected successfully.
[2025-05-22 12:18:10] [INFO] Collecting network information...
[2025-05-22 12:18:13] [INFO] Network information collected successfully.
[2025-05-22 12:18:13] [INFO] Collecting printer information...
[2025-05-22 12:18:13] [INFO] Printer information collected successfully.
[2025-05-22 12:18:13] [INFO] Collecting path information...
[2025-05-22 12:18:13] [INFO] Path information collected successfully.
[2025-05-22 12:18:13] [INFO] Generating HTML report...
[2025-05-22 12:18:13] [ERROR] Error during telemetry collection: Cannot find type [TelemetryReport]: verify that the assembly containing this type is loaded.
[2025-05-22 12:20:35] [INFO] Starting telemetry collection...
[2025-05-22 12:20:35] [INFO] Collecting system information...
[2025-05-22 12:21:07] [INFO] System information collected successfully.
[2025-05-22 12:21:07] [INFO] Collecting network information...
[2025-05-22 12:21:09] [INFO] Network information collected successfully.
[2025-05-22 12:21:09] [INFO] Collecting printer information...
[2025-05-22 12:21:09] [INFO] Printer information collected successfully.
[2025-05-22 12:21:09] [INFO] Collecting path information...
[2025-05-22 12:21:10] [INFO] Path information collected successfully.
[2025-05-22 12:21:10] [INFO] Generating HTML report...
[2025-05-22 12:21:10] [ERROR] Error during telemetry collection: Cannot find type [TelemetryReport]: verify that the assembly containing this type is loaded.
[2025-05-23 20:08:13] [INFO] Starting telemetry collection...
[2025-05-23 20:08:13] [INFO] Collecting system information...
[2025-05-23 20:08:59] [INFO] System information collected successfully.
[2025-05-23 20:08:59] [INFO] Collecting network information...
[2025-05-23 20:09:03] [INFO] Network information collected successfully.
[2025-05-23 20:09:03] [INFO] Collecting printer information...
[2025-05-23 20:09:04] [INFO] Printer information collected successfully.
[2025-05-23 20:09:04] [INFO] Collecting path information...
[2025-05-23 20:09:04] [INFO] Path information collected successfully.
[2025-05-23 20:09:04] [INFO] Generating HTML report...
[2025-05-23 20:09:04] [ERROR] Error during telemetry collection: Cannot find type [TelemetryReport]: verify that the assembly containing this type is loaded.
[2025-05-24 00:29:57] [INFO] Starting telemetry collection...
[2025-05-24 00:29:57] [INFO] Collecting system information...
[2025-05-24 00:30:42] [INFO] System information collected successfully.
[2025-05-24 00:30:42] [INFO] Collecting network information...
[2025-05-24 00:30:44] [INFO] Network information collected successfully.
[2025-05-24 00:30:44] [INFO] Collecting printer information...
[2025-05-24 00:30:44] [INFO] Printer information collected successfully.
[2025-05-24 00:30:44] [INFO] Collecting path information...
[2025-05-24 00:30:44] [INFO] Path information collected successfully.
[2025-05-24 00:30:44] [INFO] Generating HTML report...
[2025-05-24 00:30:44] [ERROR] Error during telemetry collection: Cannot find type [TelemetryReport]: verify that the assembly containing this type is loaded.
[2025-05-24 00:31:57] [INFO] Starting telemetry collection...
[2025-05-24 00:31:57] [INFO] Collecting system information...
[2025-05-24 00:32:31] [INFO] System information collected successfully.
[2025-05-24 00:32:31] [INFO] Collecting network information...
[2025-05-24 00:32:33] [INFO] Network information collected successfully.
[2025-05-24 00:32:33] [INFO] Collecting printer information...
[2025-05-24 00:32:33] [INFO] Printer information collected successfully.
[2025-05-24 00:32:33] [INFO] Collecting path information...
[2025-05-24 00:32:33] [INFO] Path information collected successfully.
[2025-05-24 00:32:33] [INFO] Generating HTML report...
[2025-05-24 00:32:33] [ERROR] Error during telemetry collection: Cannot find type [TelemetryReport]: verify that the assembly containing this type is loaded.
[2025-05-24 00:33:47] [INFO] Starting telemetry collection...
[2025-05-24 00:33:47] [INFO] Collecting system information...
[2025-05-24 00:34:22] [INFO] System information collected successfully.
[2025-05-24 00:34:22] [INFO] Collecting network information...
[2025-05-24 00:34:23] [INFO] Network information collected successfully.
[2025-05-24 00:34:23] [INFO] Collecting printer information...
[2025-05-24 00:34:23] [INFO] Printer information collected successfully.
[2025-05-24 00:34:23] [INFO] Collecting path information...
[2025-05-24 00:34:23] [INFO] Path information collected successfully.
[2025-05-24 00:34:23] [INFO] Generating HTML report...
[2025-05-24 00:34:23] [INFO] HTML report generated successfully.
[2025-05-24 00:34:23] [INFO] Configuration saved successfully.
[2025-05-24 00:34:23] [INFO] Telemetry collection completed successfully.
[2025-05-24 00:54:17] [INFO] Starting telemetry collection...
[2025-05-24 00:54:17] [INFO] Collecting system information...
[2025-05-24 00:55:01] [INFO] System information collected successfully.
[2025-05-24 00:55:01] [INFO] Collecting network information...
[2025-05-24 00:55:02] [INFO] Network information collected successfully.
[2025-05-24 00:55:02] [INFO] Collecting printer information...
[2025-05-24 00:55:03] [INFO] Printer information collected successfully.
[2025-05-24 00:55:03] [INFO] Collecting path information...
[2025-05-24 00:55:03] [INFO] Path information collected successfully.
[2025-05-24 00:55:03] [INFO] Generating HTML report...
[2025-05-24 00:55:03] [INFO] HTML report generated successfully.
[2025-05-24 00:55:03] [INFO] Configuration saved successfully.
[2025-05-24 00:55:03] [INFO] Telemetry collection completed successfully.
[2025-05-24 00:58:33] [INFO] Starting telemetry collection...
[2025-05-24 00:58:33] [INFO] Collecting system information...
[2025-05-24 00:59:12] [INFO] System information collected successfully.
[2025-05-24 00:59:12] [INFO] Collecting network information...
[2025-05-24 00:59:41] [INFO] Network information collected successfully.
[2025-05-24 00:59:41] [INFO] Collecting printer information...
[2025-05-24 00:59:41] [INFO] Printer information collected successfully.
[2025-05-24 00:59:41] [INFO] Collecting path information...
[2025-05-24 00:59:41] [INFO] Path information collected successfully.
[2025-05-24 00:59:41] [INFO] Generating HTML report...
[2025-05-24 00:59:41] [INFO] HTML report generated successfully.
[2025-05-24 00:59:41] [INFO] Configuration saved successfully.
[2025-05-24 00:59:41] [INFO] Telemetry collection completed successfully.
[2025-05-24 01:01:16] [INFO] Starting telemetry collection...
[2025-05-24 01:01:16] [INFO] Collecting system information...
[2025-05-24 01:01:55] [INFO] System information collected successfully.
[2025-05-24 01:01:55] [INFO] Collecting network information...
[2025-05-24 01:02:24] [INFO] Network information collected successfully.
[2025-05-24 01:02:24] [INFO] Collecting printer information...
[2025-05-24 01:02:24] [INFO] Printer information collected successfully.
[2025-05-24 01:02:24] [INFO] Collecting path information...
[2025-05-24 01:02:24] [INFO] Path information collected successfully.
[2025-05-24 01:02:24] [INFO] Generating HTML report...
[2025-05-24 01:02:24] [ERROR] Error during telemetry collection: Cannot find type [TelemetryReport]: verify that the assembly containing this type is loaded.
[2025-05-24 01:04:23] [INFO] Starting telemetry collection...
[2025-05-24 01:04:23] [INFO] Collecting system information...
[2025-05-24 01:05:01] [INFO] System information collected successfully.
[2025-05-24 01:05:01] [INFO] Collecting network information...
[2025-05-24 01:05:30] [INFO] Network information collected successfully.
[2025-05-24 01:05:30] [INFO] Collecting printer information...
[2025-05-24 01:05:30] [INFO] Printer information collected successfully.
[2025-05-24 01:05:30] [INFO] Collecting path information...
[2025-05-24 01:05:30] [INFO] Path information collected successfully.
[2025-05-24 01:05:30] [INFO] Generating HTML report...
[2025-05-24 01:05:30] [ERROR] Error during telemetry collection: Cannot find type [TelemetryReport]: verify that the assembly containing this type is loaded.
[2025-05-24 01:05:50] [INFO] Starting telemetry collection...
[2025-05-24 01:05:50] [INFO] Collecting system information...
[2025-05-24 01:27:17] [INFO] Starting telemetry collection...
[2025-05-24 01:27:17] [INFO] Collecting system information...
[2025-05-24 01:28:02] [INFO] System information collected successfully.
[2025-05-24 01:28:02] [INFO] Collecting network information...
[2025-05-24 01:28:31] [INFO] Network information collected successfully.
[2025-05-24 01:28:31] [INFO] Collecting printer information...
[2025-05-24 01:28:31] [INFO] Printer information collected successfully.
[2025-05-24 01:28:31] [INFO] Collecting path information...
[2025-05-24 01:28:31] [INFO] Path information collected successfully.
[2025-05-24 01:28:31] [INFO] Generating HTML report...
[2025-05-24 01:28:31] [ERROR] Error during telemetry collection: Cannot find type [TelemetryReport]: verify that the assembly containing this type is loaded.
[2025-05-24 01:30:40] [INFO] Starting telemetry collection...
[2025-05-24 01:30:40] [INFO] Collecting system information...
[2025-05-24 01:31:20] [INFO] System information collected successfully.
[2025-05-24 01:31:20] [INFO] Collecting network information...
[2025-05-24 01:31:48] [INFO] Network information collected successfully.
[2025-05-24 01:31:48] [INFO] Collecting printer information...
[2025-05-24 01:31:48] [INFO] Printer information collected successfully.
[2025-05-24 01:31:48] [INFO] Collecting path information...
[2025-05-24 01:31:48] [INFO] Path information collected successfully.
[2025-05-24 01:31:48] [INFO] Generating HTML report...
[2025-05-24 01:31:48] [ERROR] Error during telemetry collection: Cannot find type [TelemetryReport]: verify that the assembly containing this type is loaded.
[2025-05-24 02:19:50] [INFO] Starting telemetry collection...
[2025-05-24 02:19:50] [INFO] Collecting system information...
[2025-05-24 02:20:36] [INFO] System information collected successfully.
[2025-05-24 02:20:36] [INFO] Collecting network information...
[2025-05-24 02:21:05] [INFO] Network information collected successfully.
[2025-05-24 02:21:05] [INFO] Collecting printer information...
[2025-05-24 02:21:05] [INFO] Printer information collected successfully.
[2025-05-24 02:21:05] [INFO] Collecting path information...
[2025-05-24 02:21:05] [INFO] Path information collected successfully.
[2025-05-24 02:21:05] [INFO] Generating HTML report...
[2025-05-24 02:21:05] [ERROR] Error during telemetry collection: Cannot find type [TelemetryReport]: verify that the assembly containing this type is loaded.
